[2025-06-03 21:12:44,279] 1025 httpx - INFO - HTTP Request: POST https://dagshub.com/login/oauth/middleman "HTTP/1.1 200 OK"
[2025-06-03 21:12:44,940] 1025 httpx - INFO - HTTP Request: POST https://dagshub.com/login/oauth/access_token "HTTP/1.1 200 OK"
[2025-06-03 21:12:45,331] 1025 httpx - INFO - HTTP Request: GET https://dagshub.com/api/v1/user "HTTP/1.1 200 OK"
[2025-06-03 21:12:45,335] 107 dagshub - INFO - Accessing as gosusatti77
[2025-06-03 21:12:45,742] 1025 httpx - INFO - HTTP Request: GET https://dagshub.com/api/v1/repos/gosusatti77/security "HTTP/1.1 200 OK"
[2025-06-03 21:12:46,117] 1025 httpx - INFO - HTTP Request: GET https://dagshub.com/api/v1/user "HTTP/1.1 200 OK"
[2025-06-03 21:12:46,120] 107 dagshub - INFO - Initialized MLflow to track repo "gosusatti77/security"
[2025-06-03 21:12:46,122] 107 dagshub - INFO - Repository gosusatti77/security initialized!
[2025-06-03 21:12:46,123] 21 root - INFO - Data Ingestion started with config: <networksecurity.entity.config_entity.DataIngestionConfig object at 0x000001A5978A8B50>
[2025-06-03 21:12:48,503] 62 root - INFO - Performed train test split on the dataframe
[2025-06-03 21:12:48,503] 64 root - INFO - Exited split_data_as_train_test method of Data_Ingestion class
[2025-06-03 21:12:48,504] 72 root - INFO - Exporting train and test file path.
[2025-06-03 21:12:48,575] 81 root - INFO - Exported train and test file path.
[2025-06-03 21:12:48,576] 23 root - INFO - Data Ingestion completed with artifact: DataIngestionArtifact(train_file_path='Artifacts\\06_03_2025_21_12_46\\data_ingestion\\ingested\\train.csv', test_file_path='Artifacts\\06_03_2025_21_12_46\\data_ingestion\\ingested\\test.csv')
[2025-06-03 21:12:48,586] 28 root - INFO - Data Validation started with config: <networksecurity.entity.config_entity.DataValidationConfig object at 0x000001A5ACD377C0>
[2025-06-03 21:12:48,685] 30 root - INFO - Required number of columns in the schema: 2
[2025-06-03 21:12:48,685] 31 root - INFO - Number of columns in the dataframe: 31
[2025-06-03 21:12:48,685] 30 root - INFO - Required number of columns in the schema: 2
[2025-06-03 21:12:48,685] 31 root - INFO - Number of columns in the dataframe: 31
[2025-06-03 21:12:48,895] 30 root - INFO - Data Validation completed with artifact: DataValidationArtifact(validation_status=None, valid_train_file_path='Artifacts\\06_03_2025_21_12_46\\data_ingestion\\ingested\\train.csv', valid_test_file_path='Artifacts\\06_03_2025_21_12_46\\data_ingestion\\ingested\\test.csv', invalid_train_file_path=None, invalid_test_file_path=None, drift_report_file_path='Artifacts\\06_03_2025_21_12_46\\data_validation\\drift_report\\report.yaml')
[2025-06-03 21:12:48,897] 35 root - INFO - Data Transformation started with config: <networksecurity.entity.config_entity.DataTransformationConfig object at 0x000001A5ACD37F10>
[2025-06-03 21:12:48,897] 67 root - INFO - Initiating data transformation process.
[2025-06-03 21:12:48,897] 69 root - INFO - Starting data transformation process.
[2025-06-03 21:12:48,941] 50 root - INFO - Entered get_data_transformer_object method of DataTransformation class
[2025-06-03 21:12:48,941] 53 root - INFO - KNNImputer created with parameters: {'missing_values': nan, 'n_neighbors': 3, 'weights': 'uniform'}
[2025-06-03 21:12:48,967] 68 root - INFO - Entered the save_object method of main utils class
[2025-06-03 21:12:48,972] 72 root - INFO - Exited the save_object method of main utils class
[2025-06-03 21:12:48,975] 68 root - INFO - Entered the save_object method of main utils class
[2025-06-03 21:12:48,981] 72 root - INFO - Exited the save_object method of main utils class
[2025-06-03 21:12:48,981] 113 root - INFO - Data transformation completed successfully.
[2025-06-03 21:12:48,982] 37 root - INFO - Data Transformation completed with artifact: DataTransformationArtifact(transformed_train_file_path='Artifacts\\06_03_2025_21_12_46\\data_transformation\\transformed\\train.npy', transformed_test_file_path='Artifacts\\06_03_2025_21_12_46\\data_transformation\\transformed\\test.npy', transformed_object_file_path='Artifacts\\06_03_2025_21_12_46\\data_transformation\\transformed_object\\preprocessing.pkl')
[2025-06-03 21:12:48,983] 40 root - INFO - Model training artifact creation started
[2025-06-03 21:17:42,610] 87 root - INFO - Entered the load_object method of main utils class
[2025-06-03 21:17:42,643] 90 root - INFO - Exited the load_object method of main utils class
[2025-06-03 21:17:42,644] 68 root - INFO - Entered the save_object method of main utils class
[2025-06-03 21:17:42,829] 72 root - INFO - Exited the save_object method of main utils class
[2025-06-03 21:17:42,829] 126 root - INFO - model trainer artifact: ModelTrainerArtifact(trained_model_file_path='Artifacts\\06_03_2025_21_12_46\\model_trainer\\trained_model\\model.pkl', train_metric_artifact=ClassificationMetricArtifact(f1_score=0.9919208240759443, precision_score=0.989921386817174, recall_score=0.9939283545840923), test_metric_artifact=ClassificationMetricArtifact(f1_score=0.9717328963539533, precision_score=0.9681632653061224, recall_score=0.975328947368421))
[2025-06-03 21:17:42,845] 44 root - INFO - Model training completed with artifact: ModelTrainerArtifact(trained_model_file_path='Artifacts\\06_03_2025_21_12_46\\model_trainer\\trained_model\\model.pkl', train_metric_artifact=ClassificationMetricArtifact(f1_score=0.9919208240759443, precision_score=0.989921386817174, recall_score=0.9939283545840923), test_metric_artifact=ClassificationMetricArtifact(f1_score=0.9717328963539533, precision_score=0.9681632653061224, recall_score=0.975328947368421))
