[2025-06-03 18:35:18,235] 21 root - INFO - Data Ingestion started with config: <networksecurity.entity.config_entity.DataIngestionConfig object at 0x00000177BBC9F400>
[2025-06-03 18:35:21,290] 62 root - INFO - Performed train test split on the dataframe
[2025-06-03 18:35:21,290] 64 root - INFO - Exited split_data_as_train_test method of Data_Ingestion class
[2025-06-03 18:35:21,290] 72 root - INFO - Exporting train and test file path.
[2025-06-03 18:35:21,343] 81 root - INFO - Exported train and test file path.
[2025-06-03 18:35:21,343] 23 root - INFO - Data Ingestion completed with artifact: DataIngestionArtifact(train_file_path='Artifacts\\06_03_2025_18_35_18\\data_ingestion\\ingested\\train.csv', test_file_path='Artifacts\\06_03_2025_18_35_18\\data_ingestion\\ingested\\test.csv')
[2025-06-03 18:35:21,358] 28 root - INFO - Data Validation started with config: <networksecurity.entity.config_entity.DataValidationConfig object at 0x00000177CE04B7C0>
[2025-06-03 18:35:21,403] 30 root - INFO - Required number of columns in the schema: 2
[2025-06-03 18:35:21,403] 31 root - INFO - Number of columns in the dataframe: 31
[2025-06-03 18:35:21,403] 30 root - INFO - Required number of columns in the schema: 2
[2025-06-03 18:35:21,403] 31 root - INFO - Number of columns in the dataframe: 31
[2025-06-03 18:35:21,578] 30 root - INFO - Data Validation completed with artifact: DataValidationArtifact(validation_status=None, valid_train_file_path='Artifacts\\06_03_2025_18_35_18\\data_ingestion\\ingested\\train.csv', valid_test_file_path='Artifacts\\06_03_2025_18_35_18\\data_ingestion\\ingested\\test.csv', invalid_train_file_path=None, invalid_test_file_path=None, drift_report_file_path='Artifacts\\06_03_2025_18_35_18\\data_validation\\drift_report\\report.yaml')
[2025-06-03 18:35:21,578] 35 root - INFO - Data Transformation started with config: <networksecurity.entity.config_entity.DataTransformationConfig object at 0x00000177CE04BF10>
[2025-06-03 18:35:21,578] 67 root - INFO - Initiating data transformation process.
[2025-06-03 18:35:21,578] 69 root - INFO - Starting data transformation process.
[2025-06-03 18:35:21,594] 50 root - INFO - Entered get_data_transformer_object method of DataTransformation class
[2025-06-03 18:35:21,594] 53 root - INFO - KNNImputer created with parameters: {'missing_values': nan, 'n_neighbors': 3, 'weights': 'uniform'}
[2025-06-03 18:35:21,620] 68 root - INFO - Entered the save_object method of main utils class
[2025-06-03 18:35:21,620] 72 root - INFO - Exited the save_object method of main utils class
[2025-06-03 18:35:21,620] 68 root - INFO - Entered the save_object method of main utils class
[2025-06-03 18:35:21,636] 72 root - INFO - Exited the save_object method of main utils class
[2025-06-03 18:35:21,636] 113 root - INFO - Data transformation completed successfully.
[2025-06-03 18:35:21,636] 37 root - INFO - Data Transformation completed with artifact: DataTransformationArtifact(transformed_train_file_path='Artifacts\\06_03_2025_18_35_18\\data_transformation\\transformed\\train.npy', transformed_test_file_path='Artifacts\\06_03_2025_18_35_18\\data_transformation\\transformed\\test.npy', transformed_object_file_path='Artifacts\\06_03_2025_18_35_18\\data_transformation\\transformed_object\\preprocessing.pkl')
[2025-06-03 18:35:21,636] 40 root - INFO - Model training artifact creation started
[2025-06-03 18:39:35,213] 87 root - INFO - Entered the load_object method of main utils class
[2025-06-03 18:39:35,322] 90 root - INFO - Exited the load_object method of main utils class
[2025-06-03 18:39:35,324] 68 root - INFO - Entered the save_object method of main utils class
[2025-06-03 18:39:35,385] 72 root - INFO - Exited the save_object method of main utils class
[2025-06-03 18:39:35,386] 98 root - INFO - model trainer artifact: ModelTrainerArtifact(trained_model_file_path='Artifacts\\06_03_2025_18_35_18\\model_trainer\\trained_model\\model.pkl', train_metric_artifact=ClassificationMetricArtifact(f1_score=0.9910525786669347, precision_score=0.9875776397515528, recall_score=0.9945520581113801), test_metric_artifact=ClassificationMetricArtifact(f1_score=0.976456009913259, precision_score=0.9688524590163935, recall_score=0.984179850124896))
[2025-06-03 18:39:35,390] 44 root - INFO - Model training completed with artifact: ModelTrainerArtifact(trained_model_file_path='Artifacts\\06_03_2025_18_35_18\\model_trainer\\trained_model\\model.pkl', train_metric_artifact=ClassificationMetricArtifact(f1_score=0.9910525786669347, precision_score=0.9875776397515528, recall_score=0.9945520581113801), test_metric_artifact=ClassificationMetricArtifact(f1_score=0.976456009913259, precision_score=0.9688524590163935, recall_score=0.984179850124896))
