[2025-06-03 18:56:33,422] 21 root - INFO - Data Ingestion started with config: <networksecurity.entity.config_entity.DataIngestionConfig object at 0x0000016370DF8B50>
[2025-06-03 18:56:35,497] 62 root - INFO - Performed train test split on the dataframe
[2025-06-03 18:56:35,498] 64 root - INFO - Exited split_data_as_train_test method of Data_Ingestion class
[2025-06-03 18:56:35,498] 72 root - INFO - Exporting train and test file path.
[2025-06-03 18:56:35,554] 81 root - INFO - Exported train and test file path.
[2025-06-03 18:56:35,555] 23 root - INFO - Data Ingestion completed with artifact: DataIngestionArtifact(train_file_path='Artifacts\\06_03_2025_18_56_33\\data_ingestion\\ingested\\train.csv', test_file_path='Artifacts\\06_03_2025_18_56_33\\data_ingestion\\ingested\\test.csv')
[2025-06-03 18:56:35,562] 28 root - INFO - Data Validation started with config: <networksecurity.entity.config_entity.DataValidationConfig object at 0x000001630523DD80>
[2025-06-03 18:56:35,626] 30 root - INFO - Required number of columns in the schema: 2
[2025-06-03 18:56:35,626] 31 root - INFO - Number of columns in the dataframe: 31
[2025-06-03 18:56:35,626] 30 root - INFO - Required number of columns in the schema: 2
[2025-06-03 18:56:35,626] 31 root - INFO - Number of columns in the dataframe: 31
[2025-06-03 18:56:35,777] 30 root - INFO - Data Validation completed with artifact: DataValidationArtifact(validation_status=None, valid_train_file_path='Artifacts\\06_03_2025_18_56_33\\data_ingestion\\ingested\\train.csv', valid_test_file_path='Artifacts\\06_03_2025_18_56_33\\data_ingestion\\ingested\\test.csv', invalid_train_file_path=None, invalid_test_file_path=None, drift_report_file_path='Artifacts\\06_03_2025_18_56_33\\data_validation\\drift_report\\report.yaml')
[2025-06-03 18:56:35,782] 35 root - INFO - Data Transformation started with config: <networksecurity.entity.config_entity.DataTransformationConfig object at 0x0000016301EDFC40>
[2025-06-03 18:56:35,782] 67 root - INFO - Initiating data transformation process.
[2025-06-03 18:56:35,782] 69 root - INFO - Starting data transformation process.
[2025-06-03 18:56:35,808] 50 root - INFO - Entered get_data_transformer_object method of DataTransformation class
[2025-06-03 18:56:35,808] 53 root - INFO - KNNImputer created with parameters: {'missing_values': nan, 'n_neighbors': 3, 'weights': 'uniform'}
[2025-06-03 18:56:35,825] 68 root - INFO - Entered the save_object method of main utils class
[2025-06-03 18:56:35,830] 72 root - INFO - Exited the save_object method of main utils class
[2025-06-03 18:56:35,833] 68 root - INFO - Entered the save_object method of main utils class
[2025-06-03 18:56:35,836] 72 root - INFO - Exited the save_object method of main utils class
[2025-06-03 18:56:35,836] 113 root - INFO - Data transformation completed successfully.
[2025-06-03 18:56:35,837] 37 root - INFO - Data Transformation completed with artifact: DataTransformationArtifact(transformed_train_file_path='Artifacts\\06_03_2025_18_56_33\\data_transformation\\transformed\\train.npy', transformed_test_file_path='Artifacts\\06_03_2025_18_56_33\\data_transformation\\transformed\\test.npy', transformed_object_file_path='Artifacts\\06_03_2025_18_56_33\\data_transformation\\transformed_object\\preprocessing.pkl')
[2025-06-03 18:56:35,837] 40 root - INFO - Model training artifact creation started
[2025-06-03 19:01:11,647] 87 root - INFO - Entered the load_object method of main utils class
[2025-06-03 19:01:11,661] 90 root - INFO - Exited the load_object method of main utils class
[2025-06-03 19:01:11,662] 68 root - INFO - Entered the save_object method of main utils class
[2025-06-03 19:01:11,698] 72 root - INFO - Exited the save_object method of main utils class
[2025-06-03 19:01:11,699] 124 root - INFO - model trainer artifact: ModelTrainerArtifact(trained_model_file_path='Artifacts\\06_03_2025_18_56_33\\model_trainer\\trained_model\\model.pkl', train_metric_artifact=ClassificationMetricArtifact(f1_score=0.990728476821192, precision_score=0.9898208469055375, recall_score=0.991637772792168), test_metric_artifact=ClassificationMetricArtifact(f1_score=0.9781659388646288, precision_score=0.9739130434782609, recall_score=0.9824561403508771))
[2025-06-03 19:01:11,702] 44 root - INFO - Model training completed with artifact: ModelTrainerArtifact(trained_model_file_path='Artifacts\\06_03_2025_18_56_33\\model_trainer\\trained_model\\model.pkl', train_metric_artifact=ClassificationMetricArtifact(f1_score=0.990728476821192, precision_score=0.9898208469055375, recall_score=0.991637772792168), test_metric_artifact=ClassificationMetricArtifact(f1_score=0.9781659388646288, precision_score=0.9739130434782609, recall_score=0.9824561403508771))
