[2025-06-04 12:59:39,409] 1025 httpx - INFO - HTTP Request: GET https://dagshub.com/api/v1/user "HTTP/1.1 200 OK"
[2025-06-04 12:59:39,416] 107 dagshub - INFO - Accessing as gosusatti77
[2025-06-04 12:59:39,830] 1025 httpx - INFO - HTTP Request: GET https://dagshub.com/api/v1/repos/gosusatti77/security "HTTP/1.1 200 OK"
[2025-06-04 12:59:40,208] 1025 httpx - INFO - HTTP Request: GET https://dagshub.com/api/v1/user "HTTP/1.1 200 OK"
[2025-06-04 12:59:40,210] 107 dagshub - INFO - Initialized MLflow to track repo "gosusatti77/security"
[2025-06-04 12:59:40,211] 107 dagshub - INFO - Repository gosusatti77/security initialized!
[2025-06-04 13:00:10,255] 82 root - INFO - Starting the training pipeline
[2025-06-04 13:00:10,261] 34 root - INFO - Data Ingestion started with config: <networksecurity.entity.config_entity.DataIngestionConfig object at 0x00000275D98065F0>
[2025-06-04 13:00:13,157] 62 root - INFO - Performed train test split on the dataframe
[2025-06-04 13:00:13,157] 64 root - INFO - Exited split_data_as_train_test method of Data_Ingestion class
[2025-06-04 13:00:13,157] 72 root - INFO - Exporting train and test file path.
[2025-06-04 13:00:13,224] 81 root - INFO - Exported train and test file path.
[2025-06-04 13:00:13,224] 37 root - INFO - Data Ingestion completed with artifact: DataIngestionArtifact(train_file_path='Artifacts\\06_04_2025_13_00_10\\data_ingestion\\ingested\\train.csv', test_file_path='Artifacts\\06_04_2025_13_00_10\\data_ingestion\\ingested\\test.csv')
[2025-06-04 13:00:13,224] 48 root - INFO - Data Validation started with config: <networksecurity.entity.config_entity.DataValidationConfig object at 0x00000275D9806BC0>
[2025-06-04 13:00:13,353] 30 root - INFO - Required number of columns in the schema: 2
[2025-06-04 13:00:13,353] 31 root - INFO - Number of columns in the dataframe: 31
[2025-06-04 13:00:13,353] 30 root - INFO - Required number of columns in the schema: 2
[2025-06-04 13:00:13,353] 31 root - INFO - Number of columns in the dataframe: 31
[2025-06-04 13:00:13,524] 50 root - INFO - Data Validation completed with artifact: DataValidationArtifact(validation_status=None, valid_train_file_path='Artifacts\\06_04_2025_13_00_10\\data_ingestion\\ingested\\train.csv', valid_test_file_path='Artifacts\\06_04_2025_13_00_10\\data_ingestion\\ingested\\test.csv', invalid_train_file_path=None, invalid_test_file_path=None, drift_report_file_path='Artifacts\\06_04_2025_13_00_10\\data_validation\\drift_report\\report.yaml')
[2025-06-04 13:00:13,524] 61 root - INFO - Data Transformation started with config: <networksecurity.entity.config_entity.DataTransformationConfig object at 0x00000275D98065C0>
[2025-06-04 13:00:13,524] 67 root - INFO - Initiating data transformation process.
[2025-06-04 13:00:13,524] 69 root - INFO - Starting data transformation process.
[2025-06-04 13:00:13,541] 50 root - INFO - Entered get_data_transformer_object method of DataTransformation class
[2025-06-04 13:00:13,541] 53 root - INFO - KNNImputer created with parameters: {'missing_values': nan, 'n_neighbors': 3, 'weights': 'uniform'}
[2025-06-04 13:00:13,567] 68 root - INFO - Entered the save_object method of main utils class
[2025-06-04 13:00:13,569] 72 root - INFO - Exited the save_object method of main utils class
[2025-06-04 13:00:13,569] 68 root - INFO - Entered the save_object method of main utils class
[2025-06-04 13:00:13,571] 72 root - INFO - Exited the save_object method of main utils class
[2025-06-04 13:00:13,572] 68 root - INFO - Entered the save_object method of main utils class
[2025-06-04 13:00:13,574] 72 root - INFO - Exited the save_object method of main utils class
[2025-06-04 13:00:13,574] 115 root - INFO - Data transformation completed successfully.
[2025-06-04 13:00:13,574] 63 root - INFO - Data Transformation completed with artifact: DataTransformationArtifact(transformed_train_file_path='Artifacts\\06_04_2025_13_00_10\\data_transformation\\transformed\\train.npy', transformed_test_file_path='Artifacts\\06_04_2025_13_00_10\\data_transformation\\transformed\\test.npy', transformed_object_file_path='Artifacts\\06_04_2025_13_00_10\\data_transformation\\transformed_object\\preprocessing.pkl')
[2025-06-04 13:00:13,574] 73 root - INFO - Model training artifact creation started
[2025-06-04 13:03:39,909] 87 root - INFO - Entered the load_object method of main utils class
[2025-06-04 13:03:39,925] 90 root - INFO - Exited the load_object method of main utils class
[2025-06-04 13:03:39,925] 68 root - INFO - Entered the save_object method of main utils class
[2025-06-04 13:03:39,942] 72 root - INFO - Exited the save_object method of main utils class
[2025-06-04 13:03:39,942] 68 root - INFO - Entered the save_object method of main utils class
[2025-06-04 13:03:39,942] 72 root - INFO - Exited the save_object method of main utils class
[2025-06-04 13:03:39,942] 128 root - INFO - model trainer artifact: ModelTrainerArtifact(trained_model_file_path='Artifacts\\06_04_2025_13_00_10\\model_trainer\\trained_model\\model.pkl', train_metric_artifact=ClassificationMetricArtifact(f1_score=0.9905261036081435, precision_score=0.9881359340438367, recall_score=0.9929278642149929), test_metric_artifact=ClassificationMetricArtifact(f1_score=0.9674495261639885, precision_score=0.963084495488105, recall_score=0.9718543046357616))
[2025-06-04 13:03:39,942] 75 root - INFO - Model training completed with artifact: ModelTrainerArtifact(trained_model_file_path='Artifacts\\06_04_2025_13_00_10\\model_trainer\\trained_model\\model.pkl', train_metric_artifact=ClassificationMetricArtifact(f1_score=0.9905261036081435, precision_score=0.9881359340438367, recall_score=0.9929278642149929), test_metric_artifact=ClassificationMetricArtifact(f1_score=0.9674495261639885, precision_score=0.963084495488105, recall_score=0.9718543046357616))
[2025-06-04 13:03:39,942] 87 root - INFO - Training pipeline completed successfully
