[2025-06-03 19:05:38,908] 21 root - INFO - Data Ingestion started with config: <networksecurity.entity.config_entity.DataIngestionConfig object at 0x000001D6EB348B50>
[2025-06-03 19:05:45,276] 62 root - INFO - Performed train test split on the dataframe
[2025-06-03 19:05:45,276] 64 root - INFO - Exited split_data_as_train_test method of Data_Ingestion class
[2025-06-03 19:05:45,276] 72 root - INFO - Exporting train and test file path.
[2025-06-03 19:05:45,332] 81 root - INFO - Exported train and test file path.
[2025-06-03 19:05:45,333] 23 root - INFO - Data Ingestion completed with artifact: DataIngestionArtifact(train_file_path='Artifacts\\06_03_2025_19_05_38\\data_ingestion\\ingested\\train.csv', test_file_path='Artifacts\\06_03_2025_19_05_38\\data_ingestion\\ingested\\test.csv')
[2025-06-03 19:05:45,342] 28 root - INFO - Data Validation started with config: <networksecurity.entity.config_entity.DataValidationConfig object at 0x000001D6FF4AD9C0>
[2025-06-03 19:05:45,426] 30 root - INFO - Required number of columns in the schema: 2
[2025-06-03 19:05:45,426] 31 root - INFO - Number of columns in the dataframe: 31
[2025-06-03 19:05:45,426] 30 root - INFO - Required number of columns in the schema: 2
[2025-06-03 19:05:45,426] 31 root - INFO - Number of columns in the dataframe: 31
[2025-06-03 19:05:45,611] 30 root - INFO - Data Validation completed with artifact: DataValidationArtifact(validation_status=None, valid_train_file_path='Artifacts\\06_03_2025_19_05_38\\data_ingestion\\ingested\\train.csv', valid_test_file_path='Artifacts\\06_03_2025_19_05_38\\data_ingestion\\ingested\\test.csv', invalid_train_file_path=None, invalid_test_file_path=None, drift_report_file_path='Artifacts\\06_03_2025_19_05_38\\data_validation\\drift_report\\report.yaml')
[2025-06-03 19:05:45,611] 35 root - INFO - Data Transformation started with config: <networksecurity.entity.config_entity.DataTransformationConfig object at 0x000001D6FC35FC40>
[2025-06-03 19:05:45,612] 67 root - INFO - Initiating data transformation process.
[2025-06-03 19:05:45,612] 69 root - INFO - Starting data transformation process.
[2025-06-03 19:05:45,638] 50 root - INFO - Entered get_data_transformer_object method of DataTransformation class
[2025-06-03 19:05:45,639] 53 root - INFO - KNNImputer created with parameters: {'missing_values': nan, 'n_neighbors': 3, 'weights': 'uniform'}
[2025-06-03 19:05:45,657] 68 root - INFO - Entered the save_object method of main utils class
[2025-06-03 19:05:45,661] 72 root - INFO - Exited the save_object method of main utils class
[2025-06-03 19:05:45,665] 68 root - INFO - Entered the save_object method of main utils class
[2025-06-03 19:05:45,671] 72 root - INFO - Exited the save_object method of main utils class
[2025-06-03 19:05:45,671] 113 root - INFO - Data transformation completed successfully.
[2025-06-03 19:05:45,673] 37 root - INFO - Data Transformation completed with artifact: DataTransformationArtifact(transformed_train_file_path='Artifacts\\06_03_2025_19_05_38\\data_transformation\\transformed\\train.npy', transformed_test_file_path='Artifacts\\06_03_2025_19_05_38\\data_transformation\\transformed\\test.npy', transformed_object_file_path='Artifacts\\06_03_2025_19_05_38\\data_transformation\\transformed_object\\preprocessing.pkl')
[2025-06-03 19:05:45,673] 40 root - INFO - Model training artifact creation started
[2025-06-03 19:09:24,734] 87 root - INFO - Entered the load_object method of main utils class
[2025-06-03 19:09:24,750] 90 root - INFO - Exited the load_object method of main utils class
[2025-06-03 19:09:24,750] 68 root - INFO - Entered the save_object method of main utils class
[2025-06-03 19:09:24,792] 72 root - INFO - Exited the save_object method of main utils class
[2025-06-03 19:09:24,793] 124 root - INFO - model trainer artifact: ModelTrainerArtifact(trained_model_file_path='Artifacts\\06_03_2025_19_05_38\\model_trainer\\trained_model\\model.pkl', train_metric_artifact=ClassificationMetricArtifact(f1_score=0.9916136202889765, precision_score=0.9891150977625479, recall_score=0.9941247974068071), test_metric_artifact=ClassificationMetricArtifact(f1_score=0.9759281925744594, precision_score=0.9723577235772358, recall_score=0.9795249795249795))
[2025-06-03 19:09:24,796] 44 root - INFO - Model training completed with artifact: ModelTrainerArtifact(trained_model_file_path='Artifacts\\06_03_2025_19_05_38\\model_trainer\\trained_model\\model.pkl', train_metric_artifact=ClassificationMetricArtifact(f1_score=0.9916136202889765, precision_score=0.9891150977625479, recall_score=0.9941247974068071), test_metric_artifact=ClassificationMetricArtifact(f1_score=0.9759281925744594, precision_score=0.9723577235772358, recall_score=0.9795249795249795))
